  cppGraphicsEngine.cpp
D:\Projects\Cpp-3D-Graphics-Engine\app\cppGraphicsEngine\olcConsoleGameEngine.h(759,13): warning C4267: 'initializing': conversion from 'size_t' to 'int', possible loss of data
  (compiling source file 'cppGraphicsEngine.cpp')
  
D:\Projects\Cpp-3D-Graphics-Engine\app\cppGraphicsEngine\olcConsoleGameEngine.h(1099,31): warning C4267: 'return': conversion from 'size_t' to 'unsigned int', possible loss of data
  (compiling source file 'cppGraphicsEngine.cpp')
  
D:\Projects\Cpp-3D-Graphics-Engine\app\cppGraphicsEngine\olcConsoleGameEngine.h(1196,4): warning C4312: 'type cast': conversion from 'DWORD' to 'olcConsoleGameEngine *' of greater size
  (compiling source file 'cppGraphicsEngine.cpp')
  
D:\Projects\Cpp-3D-Graphics-Engine\app\cppGraphicsEngine\cppGraphicsEngine.cpp(758,39): warning C4267: '=': conversion from 'size_t' to 'int', possible loss of data
D:\Projects\Cpp-3D-Graphics-Engine\app\cppGraphicsEngine\cppGraphicsEngine.cpp(767,22): warning C4244: 'argument': conversion from 'float' to 'int', possible loss of data
D:\Projects\Cpp-3D-Graphics-Engine\app\cppGraphicsEngine\cppGraphicsEngine.cpp(767,12): warning C4244: 'argument': conversion from 'float' to 'int', possible loss of data
D:\Projects\Cpp-3D-Graphics-Engine\app\cppGraphicsEngine\cppGraphicsEngine.cpp(766,22): warning C4244: 'argument': conversion from 'float' to 'int', possible loss of data
D:\Projects\Cpp-3D-Graphics-Engine\app\cppGraphicsEngine\cppGraphicsEngine.cpp(766,12): warning C4244: 'argument': conversion from 'float' to 'int', possible loss of data
D:\Projects\Cpp-3D-Graphics-Engine\app\cppGraphicsEngine\cppGraphicsEngine.cpp(765,38): warning C4244: 'argument': conversion from 'float' to 'int', possible loss of data
D:\Projects\Cpp-3D-Graphics-Engine\app\cppGraphicsEngine\cppGraphicsEngine.cpp(765,28): warning C4244: 'argument': conversion from 'float' to 'int', possible loss of data
D:\Projects\Cpp-3D-Graphics-Engine\app\cppGraphicsEngine\cppGraphicsEngine.cpp(769,74): warning C4244: 'argument': conversion from 'float' to 'int', possible loss of data
D:\Projects\Cpp-3D-Graphics-Engine\app\cppGraphicsEngine\cppGraphicsEngine.cpp(769,64): warning C4244: 'argument': conversion from 'float' to 'int', possible loss of data
D:\Projects\Cpp-3D-Graphics-Engine\app\cppGraphicsEngine\cppGraphicsEngine.cpp(769,54): warning C4244: 'argument': conversion from 'float' to 'int', possible loss of data
D:\Projects\Cpp-3D-Graphics-Engine\app\cppGraphicsEngine\cppGraphicsEngine.cpp(769,44): warning C4244: 'argument': conversion from 'float' to 'int', possible loss of data
D:\Projects\Cpp-3D-Graphics-Engine\app\cppGraphicsEngine\cppGraphicsEngine.cpp(769,34): warning C4244: 'argument': conversion from 'float' to 'int', possible loss of data
D:\Projects\Cpp-3D-Graphics-Engine\app\cppGraphicsEngine\cppGraphicsEngine.cpp(769,24): warning C4244: 'argument': conversion from 'float' to 'int', possible loss of data
D:\Projects\Cpp-3D-Graphics-Engine\app\cppGraphicsEngine\cppGraphicsEngine.cpp(844,12): warning C4244: 'initializing': conversion from 'float' to 'int', possible loss of data
D:\Projects\Cpp-3D-Graphics-Engine\app\cppGraphicsEngine\cppGraphicsEngine.cpp(845,12): warning C4244: 'initializing': conversion from 'float' to 'int', possible loss of data
D:\Projects\Cpp-3D-Graphics-Engine\app\cppGraphicsEngine\cppGraphicsEngine.cpp(904,12): warning C4244: 'initializing': conversion from 'float' to 'int', possible loss of data
D:\Projects\Cpp-3D-Graphics-Engine\app\cppGraphicsEngine\cppGraphicsEngine.cpp(905,12): warning C4244: 'initializing': conversion from 'float' to 'int', possible loss of data
D:\Projects\Cpp-3D-Graphics-Engine\app\cppGraphicsEngine\cppGraphicsEngine.cpp(458): warning C4715: 'olcEngine3D::Triangle_ClipAgainstPlane': not all control paths return a value
  cppGraphicsEngine.vcxproj -> D:\Projects\Cpp-3D-Graphics-Engine\app\x64\Debug\cppGraphicsEngine.exe
